::1 - - [26/Sep/2018:18:23:41 -0300] "GET / HTTP/1.1" 403 209
::1 - - [26/Sep/2018:18:23:42 -0300] "GET / HTTP/1.1" 403 209
::1 - - [26/Sep/2018:18:23:44 -0300] "GET / HTTP/1.1" 403 209
::1 - - [26/Sep/2018:18:24:31 -0300] "GET / HTTP/1.1" 403 209
::1 - - [26/Sep/2018:18:24:34 -0300] "GET / HTTP/1.1" 403 209
::1 - - [26/Sep/2018:18:24:35 -0300] "GET / HTTP/1.1" 403 209
::1 - - [26/Sep/2018:18:24:45 -0300] "GET / HTTP/1.1" 403 209
::1 - - [26/Sep/2018:18:24:47 -0300] "GET / HTTP/1.1" 403 209
::1 - - [26/Sep/2018:18:24:49 -0300] "GET / HTTP/1.1" 403 209
::1 - - [26/Sep/2018:18:25:19 -0300] "GET / HTTP/1.1" 200 2073
::1 - - [26/Sep/2018:18:25:19 -0300] "GET /css/app.css HTTP/1.1" 200 2564
::1 - - [26/Sep/2018:18:25:19 -0300] "GET /images/dv.png HTTP/1.1" 200 3416
::1 - - [26/Sep/2018:18:25:19 -0300] "GET /js/dv.js HTTP/1.1" 200 22334
::1 - - [26/Sep/2018:18:25:19 -0300] "GET /images/enderecos.png HTTP/1.1" 200 3513
::1 - - [26/Sep/2018:18:25:23 -0300] "GET /endereco HTTP/1.1" 404 206
::1 - - [26/Sep/2018:18:26:54 -0300] "GET /endereco HTTP/1.1" 404 206
::1 - - [26/Sep/2018:18:26:55 -0300] "GET / HTTP/1.1" 500 127975
::1 - - [26/Sep/2018:18:26:57 -0300] "GET / HTTP/1.1" 500 127965
::1 - - [26/Sep/2018:18:27:38 -0300] "GET / HTTP/1.1" 500 127963
::1 - - [26/Sep/2018:18:27:41 -0300] "GET / HTTP/1.1" 500 127975
::1 - - [26/Sep/2018:18:28:41 -0300] "GET / HTTP/1.1" 500 127979
::1 - - [26/Sep/2018:18:29:02 -0300] "GET / HTTP/1.1" 500 127972
::1 - - [26/Sep/2018:18:29:04 -0300] "GET / HTTP/1.1" 500 127949
::1 - - [26/Sep/2018:18:29:06 -0300] "GET / HTTP/1.1" 500 127985
::1 - - [26/Sep/2018:19:17:43 -0300] "GET / HTTP/1.1" 500 127965
::1 - - [26/Sep/2018:19:23:45 -0300] "GET / HTTP/1.1" 200 2073
::1 - - [26/Sep/2018:19:23:46 -0300] "GET /css/app.css HTTP/1.1" 200 2564
::1 - - [26/Sep/2018:19:23:46 -0300] "GET /images/enderecos.png HTTP/1.1" 200 3513
::1 - - [26/Sep/2018:19:23:46 -0300] "GET /images/dv.png HTTP/1.1" 200 3416
::1 - - [26/Sep/2018:19:23:46 -0300] "GET /js/dv.js HTTP/1.1" 200 22334
::1 - - [26/Sep/2018:19:23:49 -0300] "GET /endereco HTTP/1.1" 404 206
::1 - - [26/Sep/2018:19:25:14 -0300] "GET /dv/public/index.php HTTP/1.1" 404 217
::1 - - [26/Sep/2018:19:25:31 -0300] "GET /index.php HTTP/1.1" 200 2073
::1 - - [26/Sep/2018:19:25:33 -0300] "GET /endereco HTTP/1.1" 404 206
::1 - - [26/Sep/2018:19:43:27 -0300] "GET / HTTP/1.1" 200 2073
::1 - - [26/Sep/2018:19:43:28 -0300] "GET / HTTP/1.1" 500 2896
::1 - - [26/Sep/2018:19:43:37 -0300] "GET / HTTP/1.1" 200 2073
::1 - - [26/Sep/2018:19:43:37 -0300] "GET /css/app.css HTTP/1.1" 200 2564
::1 - - [26/Sep/2018:19:43:37 -0300] "GET /js/dv.js HTTP/1.1" 200 22334
::1 - - [26/Sep/2018:19:43:37 -0300] "GET /images/dv.png HTTP/1.1" 200 3416
::1 - - [26/Sep/2018:19:43:37 -0300] "GET /images/enderecos.png HTTP/1.1" 200 3513
::1 - - [26/Sep/2018:19:43:39 -0300] "GET /endereco HTTP/1.1" 404 206
::1 - - [27/Sep/2018:07:47:27 -0300] "GET / HTTP/1.1" 200 2073
::1 - - [27/Sep/2018:07:47:32 -0300] "GET /css/app.css HTTP/1.1" 200 2564
::1 - - [27/Sep/2018:07:47:32 -0300] "GET /images/enderecos.png HTTP/1.1" 200 3513
::1 - - [27/Sep/2018:07:47:32 -0300] "GET /images/dv.png HTTP/1.1" 200 3416
::1 - - [27/Sep/2018:07:47:32 -0300] "GET /js/dv.js HTTP/1.1" 200 22334
::1 - - [27/Sep/2018:07:47:34 -0300] "GET /endereco HTTP/1.1" 404 206
::1 - - [27/Sep/2018:07:50:11 -0300] "GET /endereco HTTP/1.1" 404 206
::1 - - [27/Sep/2018:07:50:13 -0300] "GET /endereco HTTP/1.1" 404 206
::1 - - [27/Sep/2018:07:50:29 -0300] "GET /endereco HTTP/1.1" 404 206
::1 - - [27/Sep/2018:07:50:30 -0300] "GET /endereco HTTP/1.1" 404 206
::1 - - [27/Sep/2018:07:50:34 -0300] "GET /endereco HTTP/1.1" 404 206
::1 - - [27/Sep/2018:07:50:53 -0300] "GET /endereco HTTP/1.1" 404 206
::1 - - [27/Sep/2018:07:50:54 -0300] "GET /endereco HTTP/1.1" 404 206
::1 - - [27/Sep/2018:07:53:17 -0300] "GET /endereco HTTP/1.1" 200 6488
::1 - - [27/Sep/2018:07:53:23 -0300] "GET /css/app.css HTTP/1.1" 200 2564
::1 - - [27/Sep/2018:07:53:23 -0300] "GET /js/dv.js HTTP/1.1" 200 22334
::1 - - [27/Sep/2018:07:53:39 -0300] "GET /getAisles?siteId=1 HTTP/1.1" 200 29
::1 - - [27/Sep/2018:07:53:42 -0300] "GET /getLocs?siteId=1&aisle=1 HTTP/1.1" 200 1833
::1 - - [27/Sep/2018:07:53:52 -0300] "GET /index.php HTTP/1.1" 200 2073
::1 - - [27/Sep/2018:07:53:52 -0300] "GET /css/app.css HTTP/1.1" 200 2564
::1 - - [27/Sep/2018:07:53:52 -0300] "GET /images/dv.png HTTP/1.1" 200 3416
::1 - - [27/Sep/2018:07:53:52 -0300] "GET /images/enderecos.png HTTP/1.1" 200 3513
::1 - - [27/Sep/2018:07:53:52 -0300] "GET /js/dv.js HTTP/1.1" 200 22334
::1 - - [27/Sep/2018:07:53:53 -0300] "GET /dv HTTP/1.1" 200 6880
::1 - - [27/Sep/2018:07:53:54 -0300] "GET /css/app.css HTTP/1.1" 200 2564
::1 - - [27/Sep/2018:07:53:54 -0300] "GET /images/dv1.png HTTP/1.1" 200 851
::1 - - [27/Sep/2018:07:53:54 -0300] "GET /images/dv2.png HTTP/1.1" 200 308
::1 - - [27/Sep/2018:07:53:54 -0300] "GET /images/dv3.png HTTP/1.1" 200 843
::1 - - [27/Sep/2018:07:53:54 -0300] "GET /images/dv5.png HTTP/1.1" 200 561
::1 - - [27/Sep/2018:07:53:54 -0300] "GET /js/dv.js HTTP/1.1" 200 22334
::1 - - [27/Sep/2018:07:53:54 -0300] "GET /images/dv4.png HTTP/1.1" 200 727
::1 - - [27/Sep/2018:07:53:57 -0300] "GET /getAisles?siteId=1 HTTP/1.1" 200 29
::1 - - [27/Sep/2018:07:54:00 -0300] "GET /getLocs?siteId=1&aisle=1 HTTP/1.1" 200 1833
::1 - - [27/Sep/2018:07:54:16 -0300] "GET /generateDV?ids%5B%5D=22747&ids%5B%5D=22748&ids%5B%5D=22749&ids%5B%5D=22750&ids%5B%5D=22751&ids%5B%5D=22752&ids%5B%5D=22753&ids%5B%5D=22754&numdigits=3 HTTP/1.1" 200 5400
::1 - - [27/Sep/2018:07:54:18 -0300] "GET /getLocs?siteId=1&aisle=1 HTTP/1.1" 200 1873
::1 - - [27/Sep/2018:07:54:34 -0300] "GET /generateDV?ids%5B%5D=22747&ids%5B%5D=22748&ids%5B%5D=22749&ids%5B%5D=22750&ids%5B%5D=22751&ids%5B%5D=22752&ids%5B%5D=22753&ids%5B%5D=22754&numdigits=2 HTTP/1.1" 200 5464
::1 - - [27/Sep/2018:07:54:35 -0300] "GET /getLocs?siteId=1&aisle=1 HTTP/1.1" 200 1833
::1 - - [27/Sep/2018:07:57:55 -0300] "GET /dv HTTP/1.1" 200 6880
::1 - - [28/Sep/2018:08:09:56 -0300] "GET / HTTP/1.1" 200 2251
::1 - - [28/Sep/2018:08:10:01 -0300] "GET /images/configurar.png HTTP/1.1" 200 3435
::1 - - [28/Sep/2018:08:10:01 -0300] "GET /css/app.css HTTP/1.1" 200 2726
::1 - - [28/Sep/2018:08:10:01 -0300] "GET /images/enderecos.png HTTP/1.1" 200 3513
::1 - - [28/Sep/2018:08:10:01 -0300] "GET /images/dv.png HTTP/1.1" 200 3416
::1 - - [28/Sep/2018:08:10:01 -0300] "GET /js/dv.js HTTP/1.1" 200 23199
::1 - - [28/Sep/2018:08:10:02 -0300] "GET /favicon.ico HTTP/1.1" 200 -
::1 - - [28/Sep/2018:08:12:50 -0300] "GET / HTTP/1.1" 200 2251
::1 - - [28/Sep/2018:08:14:58 -0300] "GET /endereco HTTP/1.1" 200 3910
::1 - - [28/Sep/2018:14:06:27 -0300] "GET / HTTP/1.1" 200 7566
::1 - - [28/Sep/2018:14:06:27 -0300] "GET /css/app.css HTTP/1.1" 200 2986
::1 - - [28/Sep/2018:14:06:27 -0300] "GET /images/configurar.png HTTP/1.1" 304 -
127.0.0.1 - - [28/Sep/2018:14:06:27 -0300] "GET /images/addresses.png HTTP/1.1" 200 6698
::1 - - [28/Sep/2018:14:06:27 -0300] "GET /js/dv.js HTTP/1.1" 304 -
::1 - - [28/Sep/2018:14:06:34 -0300] "GET /acessandodb?p=endereco HTTP/1.1" 200 2180
::1 - - [28/Sep/2018:14:06:34 -0300] "GET /endereco HTTP/1.1" 200 6497
::1 - - [28/Sep/2018:14:06:47 -0300] "GET /getAisles?siteId=-1 HTTP/1.1" 200 1655
